[    0.000000] Initializing cgroup subsys cpuset
[    0.000000] Initializing cgroup subsys cpu
[    0.000000] Initializing cgroup subsys cpuacct
[    0.000000] Linux version 4.4.0-210-generic (buildd@lgw01-amd64-009) (gcc version 5.4.0 20160609 (Ubuntu 5.4.0-6ubuntu1~16.04.12) ) #242-Ubuntu SMP Fri Apr 16 09:57:56 UTC 2021 (Ubuntu 4.4.0-210.242-generic 4.4.262)
[    0.000000] Command line: BOOT_IMAGE=/boot/vmlinuz-4.4.0-210-generic root=LABEL=cloudimg-rootfs ro console=tty1 console=ttyS0
[    0.000000] KERNEL supported cpus:
[    0.000000]   Intel GenuineIntel
[    0.000000]   AMD AuthenticAMD
[    0.000000]   Centaur CentaurHauls
[    0.000000] x86/fpu: Legacy x87 FPU detected.
[    0.000000] e820: BIOS-provided physical RAM map:
[    0.000000] BIOS-e820: [mem 0x0000000000000000-0x000000000009fbff] usable
[    0.000000] BIOS-e820: [mem 0x000000000009fc00-0x000000000009ffff] reserved
[    0.000000] BIOS-e820: [mem 0x00000000000f0000-0x00000000000fffff] reserved
[    0.000000] BIOS-e820: [mem 0x0000000000100000-0x00000000dffeffff] usable
[    0.000000] BIOS-e820: [mem 0x00000000dfff0000-0x00000000dfffffff] ACPI data
[    0.000000] BIOS-e820: [mem 0x00000000fec00000-0x00000000fec00fff] reserved
[    0.000000] BIOS-e820: [mem 0x00000000fee00000-0x00000000fee00fff] reserved
[    0.000000] BIOS-e820: [mem 0x00000000fffc0000-0x00000000ffffffff] reserved
[    0.000000] BIOS-e820: [mem 0x0000000100000000-0x000000011cffffff] usable
[    0.000000] NX (Execute Disable) protection: active
[    0.000000] SMBIOS 2.5 present.
[    0.000000] Hypervisor detected: KVM
[    0.000000] e820: last_pfn = 0x11d000 max_arch_pfn = 0x400000000
[    0.000000] MTRR: Disabled
[    0.000000] x86/PAT: MTRRs disabled, skipping PAT initialization too.
[    0.000000] CPU MTRRs all blank - virtualized system.
[    0.000000] x86/PAT: Configuration [0-7]: WB  WT  UC- UC  WB  WT  UC- UC  
[    0.000000] e820: last_pfn = 0xdfff0 max_arch_pfn = 0x400000000
[    0.000000] found SMP MP-table at [mem 0x0009fff0-0x0009ffff] mapped at [ffff88000009fff0]
[    0.000000] Scanning 1 areas for low memory corruption
[    0.000000] RAMDISK: [mem 0x362dc000-0x37165fff]
[    0.000000] ACPI: Early table checksum verification disabled
[    0.000000] ACPI: RSDP 0x00000000000E0000 000024 (v02 VBOX  )
[    0.000000] ACPI: XSDT 0x00000000DFFF0030 00003C (v01 VBOX   VBOXXSDT 00000001 ASL  00000061)
[    0.000000] ACPI: FACP 0x00000000DFFF00F0 0000F4 (v04 VBOX   VBOXFACP 00000001 ASL  00000061)
[    0.000000] ACPI: DSDT 0x00000000DFFF0610 002353 (v02 VBOX   VBOXBIOS 00000002 INTL 20100528)
[    0.000000] ACPI: FACS 0x00000000DFFF0200 000040
[    0.000000] ACPI: FACS 0x00000000DFFF0200 000040
[    0.000000] ACPI: APIC 0x00000000DFFF0240 00005C (v02 VBOX   VBOXAPIC 00000001 ASL  00000061)
[    0.000000] ACPI: SSDT 0x00000000DFFF02A0 00036C (v01 VBOX   VBOXCPUT 00000002 INTL 20100528)
[    0.000000] No NUMA configuration found
[    0.000000] Faking a node at [mem 0x0000000000000000-0x000000011cffffff]
[    0.000000] NODE_DATA(0) allocated [mem 0x11cff9000-0x11cffdfff]
[    0.000000] kvm-clock: Using msrs 4b564d01 and 4b564d00
[    0.000000] kvm-clock: cpu 0, msr 1:1cff1001, primary cpu clock
[    0.000000] kvm-clock: using sched offset of 3660168558 cycles
[    0.000000] clocksource: kvm-clock: mask: 0xffffffffffffffff max_cycles: 0x1cd42e4dffb, max_idle_ns: 881590591483 ns
[    0.000000] Zone ranges:
[    0.000000]   DMA      [mem 0x0000000000001000-0x0000000000ffffff]
[    0.000000]   DMA32    [mem 0x0000000001000000-0x00000000ffffffff]
[    0.000000]   Normal   [mem 0x0000000100000000-0x000000011cffffff]
[    0.000000]   Device   empty
[    0.000000] Movable zone start for each node
[    0.000000] Early memory node ranges
[    0.000000]   node   0: [mem 0x0000000000001000-0x000000000009efff]
[    0.000000]   node   0: [mem 0x0000000000100000-0x00000000dffeffff]
[    0.000000]   node   0: [mem 0x0000000100000000-0x000000011cffffff]
[    0.000000] Initmem setup node 0 [mem 0x0000000000001000-0x000000011cffffff]
[    0.000000] ACPI: PM-Timer IO Port: 0x4008
[    0.000000] IOAPIC[0]: apic_id 2, version 32, address 0xfec00000, GSI 0-23
[    0.000000] ACPI: INT_SRC_OVR (bus 0 bus_irq 0 global_irq 2 dfl dfl)
[    0.000000] ACPI: INT_SRC_OVR (bus 0 bus_irq 9 global_irq 9 low level)
[    0.000000] Using ACPI (MADT) for SMP configuration information
[    0.000000] smpboot: Allowing 2 CPUs, 0 hotplug CPUs
[    0.000000] PM: Registered nosave memory: [mem 0x00000000-0x00000fff]
[    0.000000] PM: Registered nosave memory: [mem 0x0009f000-0x0009ffff]
[    0.000000] PM: Registered nosave memory: [mem 0x000a0000-0x000effff]
[    0.000000] PM: Registered nosave memory: [mem 0x000f0000-0x000fffff]
[    0.000000] PM: Registered nosave memory: [mem 0xdfff0000-0xdfffffff]
[    0.000000] PM: Registered nosave memory: [mem 0xe0000000-0xfebfffff]
[    0.000000] PM: Registered nosave memory: [mem 0xfec00000-0xfec00fff]
[    0.000000] PM: Registered nosave memory: [mem 0xfec01000-0xfedfffff]
[    0.000000] PM: Registered nosave memory: [mem 0xfee00000-0xfee00fff]
[    0.000000] PM: Registered nosave memory: [mem 0xfee01000-0xfffbffff]
[    0.000000] PM: Registered nosave memory: [mem 0xfffc0000-0xffffffff]
[    0.000000] e820: [mem 0xe0000000-0xfebfffff] available for PCI devices
[    0.000000] Booting paravirtualized kernel on KVM
[    0.000000] clocksource: refined-jiffies: mask: 0xffffffff max_cycles: 0xffffffff, max_idle_ns: 7645519600211568 ns
[    0.000000] setup_percpu: NR_CPUS:512 nr_cpumask_bits:512 nr_cpu_ids:2 nr_node_ids:1
[    0.000000] PERCPU: Embedded 33 pages/cpu @ffff88011cc00000 s95192 r8192 d31784 u1048576
[    0.000000] Built 1 zonelists in Node order, mobility grouping on.  Total pages: 1019960
[    0.000000] Policy zone: Normal
[    0.000000] Kernel command line: BOOT_IMAGE=/boot/vmlinuz-4.4.0-210-generic root=LABEL=cloudimg-rootfs ro console=tty1 console=ttyS0
[    0.000000] PID hash table entries: 4096 (order: 3, 32768 bytes)
[    0.000000] Memory: 3979160K/4144696K available (8644K kernel code, 1332K rwdata, 4044K rodata, 1492K init, 1164K bss, 165536K reserved, 0K cma-reserved)
[    0.000000] SLUB: HWalign=64, Order=0-3, MinObjects=0, CPUs=2, Nodes=1
[    0.000000] Kernel/User page tables isolation: enabled
[    0.000000] Hierarchical RCU implementation.
[    0.000000] 	Build-time adjustment of leaf fanout to 64.
[    0.000000] 	RCU restricting CPUs from NR_CPUS=512 to nr_cpu_ids=2.
[    0.000000] RCU: Adjusting geometry for rcu_fanout_leaf=64, nr_cpu_ids=2
[    0.000000] NR_IRQS:33024 nr_irqs:440 16
[    0.000000] Console: colour VGA+ 80x25
[    0.000000] console [tty1] enabled
[    0.000000] console [ttyS0] enabled
[    0.000000] tsc: Detected 3791.996 MHz processor
[    1.396987] Calibrating delay loop (skipped) preset value.. 7583.99 BogoMIPS (lpj=15167984)
[    1.408858] pid_max: default: 32768 minimum: 301
[    1.415739] ACPI: Core revision 20150930
[    1.421020] ACPI: 2 ACPI AML tables successfully acquired and loaded
[    1.431302] Security Framework initialized
[    1.438228] Yama: becoming mindful.
[    1.443483] AppArmor: AppArmor initialized
[    1.448921] Dentry cache hash table entries: 524288 (order: 10, 4194304 bytes)
[    1.480974] Inode-cache hash table entries: 262144 (order: 9, 2097152 bytes)
[    1.501750] Mount-cache hash table entries: 8192 (order: 4, 65536 bytes)
[    1.513428] Mountpoint-cache hash table entries: 8192 (order: 4, 65536 bytes)
[    1.528521] Initializing cgroup subsys io
[    1.534468] Initializing cgroup subsys memory
[    1.541902] Initializing cgroup subsys devices
[    1.549909] Initializing cgroup subsys freezer
[    1.557885] Initializing cgroup subsys net_cls
[    1.564523] Initializing cgroup subsys perf_event
[    1.572679] Initializing cgroup subsys net_prio
[    1.580766] Initializing cgroup subsys hugetlb
[    1.591123] Initializing cgroup subsys pids
[    1.598555] mce: CPU supports 0 MCE banks
[    1.602830] Last level iTLB entries: 4KB 128, 2MB 8, 4MB 8
[    1.610563] Last level dTLB entries: 4KB 64, 2MB 0, 4MB 0, 1GB 4
[    1.616653] Spectre V1 : Mitigation: usercopy/swapgs barriers and __user pointer sanitization
[    1.632676] Spectre V2 : Mitigation: Full generic retpoline
[    1.641894] Spectre V2 : Spectre v2 / SpectreRSB mitigation: Filling RSB on context switch
[    1.652691] Speculative Store Bypass: Vulnerable
[    1.664935] SRBDS: Unknown: Dependent on hypervisor status
[    1.675465] MDS: Mitigation: Clear CPU buffers
[    1.753208] Freeing SMP alternatives memory: 36K
[    1.933173] ftrace: allocating 32380 entries in 127 pages
[    3.341197] smpboot: APIC(0) Converting physical 0 to logical package 0
[    3.355342] smpboot: Max logical packages: 1
[    3.382273] ..TIMER: vector=0x30 apic1=0 pin1=2 apic2=-1 pin2=-1
[    3.499286] smpboot: CPU0: Intel(R) Core(TM) i5-7600K CPU @ 3.80GHz (family: 0x6, model: 0x9e, stepping: 0x9)
[    3.516822] Performance Events: unsupported p6 CPU model 158 no PMU driver, software events only.
[    3.705069] KVM setup paravirtual spinlock
[    3.718347] x86: Booting SMP configuration:
[    3.724925] .... node  #0, CPUs:      #1
[    3.736630] kvm-clock: cpu 1, msr 1:1cff1041, secondary cpu clock
[    3.744039] mce: CPU supports 0 MCE banks
[    3.748308] TSC synchronization [CPU#0 -> CPU#1]:
[    3.753565] Measured 131270 cycles TSC warp between CPUs, turning off TSC clock.
[    3.763334] tsc: Marking TSC unstable due to check_tsc_sync_source failed
[    0.797415] x86: Booted up 1 node, 2 CPUs
[    0.800007] smpboot: Total of 2 processors activated (15167.98 BogoMIPS)
[    0.808851] devtmpfs: initialized
[    0.815282] evm: security.selinux
[    0.816009] evm: security.SMACK64
[    0.820005] evm: security.SMACK64EXEC
[    0.824027] evm: security.SMACK64TRANSMUTE
[    0.828011] evm: security.SMACK64MMAP
[    0.832008] evm: security.ima
[    0.836006] evm: security.capability
[    0.840391] clocksource: jiffies: mask: 0xffffffff max_cycles: 0xffffffff, max_idle_ns: 7645041785100000 ns
[    0.844019] futex hash table entries: 512 (order: 3, 32768 bytes)
[    0.848452] pinctrl core: initialized pinctrl subsystem
[    0.852439] RTC time: 10:08:27, date: 10/05/23
[    0.860124] NET: Registered protocol family 16
[    0.876015] cpuidle: using governor ladder
[    0.892011] cpuidle: using governor menu
[    0.896123] PCCT header not found.
[    0.900064] ACPI: bus type PCI registered
[    0.904050] acpiphp: ACPI Hot Plug PCI Controller Driver version: 0.5
[    0.908644] PCI: Using configuration type 1 for base access
[    0.932902] ACPI: Added _OSI(Module Device)
[    0.936008] ACPI: Added _OSI(Processor Device)
[    0.940006] ACPI: Added _OSI(3.0 _SCP Extensions)
[    0.944006] ACPI: Added _OSI(Processor Aggregator Device)
[    0.949516] ACPI: Executed 1 blocks of module-level executable AML code
[    0.962757] ACPI: Interpreter enabled
[    0.964019] ACPI: (supports S0 S5)
[    0.968006] ACPI: Using IOAPIC for interrupt routing
[    0.972489] PCI: Using host bridge windows from ACPI; if necessary, use "pci=nocrs" and report a bug
[    0.988457] ACPI: PCI Root Bridge [PCI0] (domain 0000 [bus 00-ff])
[    0.992034] acpi PNP0A03:00: _OSC: OS supports [ASPM ClockPM Segments MSI]
[    0.997143] acpi PNP0A03:00: _OSC: not requesting OS control; OS requires [ExtendedConfig ASPM ClockPM MSI]
[    1.000016] acpi PNP0A03:00: fail to add MMCONFIG information, can't access extended PCI configuration space under this bridge.
[    1.004869] PCI host bridge to bus 0000:00
[    1.008009] pci_bus 0000:00: root bus resource [io  0x0000-0x0cf7 window]
[    1.012007] pci_bus 0000:00: root bus resource [io  0x0d00-0xffff window]
[    1.016009] pci_bus 0000:00: root bus resource [mem 0x000a0000-0x000bffff window]
[    1.020008] pci_bus 0000:00: root bus resource [mem 0xe0000000-0xfdffffff window]
[    1.024010] pci_bus 0000:00: root bus resource [bus 00-ff]
[    1.037937] pci 0000:00:01.1: legacy IDE quirk: reg 0x10: [io  0x01f0-0x01f7]
[    1.040007] pci 0000:00:01.1: legacy IDE quirk: reg 0x14: [io  0x03f6]
[    1.044007] pci 0000:00:01.1: legacy IDE quirk: reg 0x18: [io  0x0170-0x0177]
[    1.048010] pci 0000:00:01.1: legacy IDE quirk: reg 0x1c: [io  0x0376]
[    1.081154] pci 0000:00:07.0: quirk: [io  0x4000-0x403f] claimed by PIIX4 ACPI
[    1.084049] pci 0000:00:07.0: quirk: [io  0x4100-0x410f] claimed by PIIX4 SMB
[    1.102807] ACPI: PCI Interrupt Link [LNKA] (IRQs 5 9 10 *11)
[    1.113734] ACPI: PCI Interrupt Link [LNKB] (IRQs 5 9 *10 11)
[    1.125651] ACPI: PCI Interrupt Link [LNKC] (IRQs 5 *9 10 11)
[    1.138102] ACPI: PCI Interrupt Link [LNKD] (IRQs 5 9 10 *11)
[    1.150333] ACPI: Enabled 2 GPEs in block 00 to 07
[    1.156058] vgaarb: setting as boot device: PCI:0000:00:02.0
[    1.160000] vgaarb: device added: PCI:0000:00:02.0,decodes=io+mem,owns=io+mem,locks=none
[    1.160010] vgaarb: loaded
[    1.164006] vgaarb: bridge control possible 0000:00:02.0
[    1.168378] SCSI subsystem initialized
[    1.172217] ACPI: bus type USB registered
[    1.176058] usbcore: registered new interface driver usbfs
[    1.180081] usbcore: registered new interface driver hub
[    1.184023] usbcore: registered new device driver usb
[    1.188497] PCI: Using ACPI for IRQ routing
[    1.196274] NetLabel: Initializing
[    1.200006] NetLabel:  domain hash size = 128
[    1.204004] NetLabel:  protocols = UNLABELED CIPSOv4
[    1.208020] NetLabel:  unlabeled traffic allowed by default
[    1.212158] amd_nb: Cannot enumerate AMD northbridges
[    1.220009] clocksource: Switched to clocksource kvm-clock
[    1.245912] AppArmor: AppArmor Filesystem Enabled
[    1.245912] pnp: PnP ACPI init
[    1.245912] pnp: PnP ACPI: found 3 devices
[    1.326726] clocksource: acpi_pm: mask: 0xffffff max_cycles: 0xffffff, max_idle_ns: 2085701024 ns
[    1.328891] NET: Registered protocol family 2
[    1.343992] TCP established hash table entries: 32768 (order: 6, 262144 bytes)
[    1.346670] TCP bind hash table entries: 32768 (order: 7, 524288 bytes)
[    1.346670] TCP: Hash tables configured (established 32768 bind 32768)
[    1.346670] UDP hash table entries: 2048 (order: 4, 65536 bytes)
[    1.346670] UDP-Lite hash table entries: 2048 (order: 4, 65536 bytes)
[    1.346670] NET: Registered protocol family 1
[    1.346670] pci 0000:00:00.0: Limiting direct PCI/PCI transfers
[    1.346670] pci 0000:00:01.0: Activating ISA DMA hang workarounds
[    1.346670] Unpacking initramfs...
[    1.346670] Freeing initrd memory: 14888K
[    1.346670] PCI-DMA: Using software bounce buffering for IO (SWIOTLB)
[    1.346670] software IO TLB: mapped [mem 0xdbff0000-0xdfff0000] (64MB)
[    1.346670] clocksource: tsc: mask: 0xffffffffffffffff max_cycles: 0x6d519f0e7d5, max_idle_ns: 881590952871 ns
[    1.346670] platform rtc_cmos: registered platform RTC device (no PNP device found)
[    1.950259] Scanning for low memory corruption every 60 seconds
[    1.969038] audit: initializing netlink subsys (disabled)
[    1.975121] audit: type=2000 audit(1696500511.712:1): initialized
[    1.983526] Initialise system trusted keyring
[    1.990358] HugeTLB registered 2 MB page size, pre-allocated 0 pages
[    2.001333] zbud: loaded
[    2.005902] VFS: Disk quotas dquot_6.6.0
[    2.010780] VFS: Dquot-cache hash table entries: 512 (order 0, 4096 bytes)
[    2.019612] squashfs: version 4.0 (2009/01/31) Phillip Lougher
[    2.030401] fuse init (API version 7.23)
[    2.037710] Key type big_key registered
[    2.042802] Allocating IMA MOK and blacklist keyrings.
[    2.063922] Key type asymmetric registered
[    2.080058] Asymmetric key parser 'x509' registered
[    2.102944] Block layer SCSI generic (bsg) driver version 0.4 loaded (major 249)
[    2.121558] io scheduler noop registered
[    2.130269] io scheduler deadline registered (default)
[    2.137654] io scheduler cfq registered
[    2.145782] pci_hotplug: PCI Hot Plug PCI Core version: 0.5
[    2.156676] pciehp: PCI Express Hot Plug Controller Driver version: 0.4
[    2.164918] ACPI: AC Adapter [AC] (on-line)
[    2.170069] input: Power Button as /devices/LNXSYSTM:00/LNXPWRBN:00/input/input0
[    2.178628] ACPI: Power Button [PWRF]
[    2.184381] input: Sleep Button as /devices/LNXSYSTM:00/LNXSLPBN:00/input/input1
[    2.193044] ACPI: Sleep Button [SLPF]
[    2.198844] GHES: HEST is not enabled!
[    2.205183] Serial: 8250/16550 driver, 32 ports, IRQ sharing enabled
[    2.241838] 00:02: ttyS0 at I/O 0x3f8 (irq = 4, base_baud = 115200) is a 16550A
[    2.273627] Linux agpgart interface v0.103
[    2.294108] loop: module loaded
[    2.301682] scsi host0: ata_piix
[    2.306363] scsi host1: ata_piix
[    2.310319] ata1: PATA max UDMA/33 cmd 0x1f0 ctl 0x3f6 bmdma 0xd000 irq 14
[    2.310319] ata2: PATA max UDMA/33 cmd 0x170 ctl 0x376 bmdma 0xd008 irq 15
[    2.327225] libphy: Fixed MDIO Bus: probed
[    2.334094] tun: Universal TUN/TAP device driver, 1.6
[    2.342909] tun: (C) 1999-2004 Max Krasnyansky <maxk@qualcomm.com>
[    2.353646] PPP generic driver version 2.4.2
[    2.359995] ehci_hcd: USB 2.0 'Enhanced' Host Controller (EHCI) Driver
[    2.366945] ehci-pci: EHCI PCI platform driver
[    2.373075] ehci-platform: EHCI generic platform driver
[    2.379243] ohci_hcd: USB 1.1 'Open' Host Controller (OHCI) Driver
[    2.387045] ohci-pci: OHCI PCI platform driver
[    2.392744] ohci-platform: OHCI generic platform driver
[    2.399375] uhci_hcd: USB Universal Host Controller Interface driver
[    2.407812] i8042: PNP: PS/2 Controller [PNP0303:PS2K,PNP0f03:PS2M] at 0x60,0x64 irq 1,12
[    2.424076] serio: i8042 KBD port at 0x60,0x64 irq 1
[    2.426133] serio: i8042 AUX port at 0x60,0x64 irq 12
[    2.442587] mousedev: PS/2 mouse device common for all mice
[    2.454300] rtc_cmos rtc_cmos: rtc core: registered rtc_cmos as rtc0
[    2.462604] rtc_cmos rtc_cmos: alarms up to one day, 114 bytes nvram
[    2.470692] i2c /dev entries driver
[    2.474733] device-mapper: uevent: version 1.0.3
[    2.516034] input: AT Translated Set 2 keyboard as /devices/platform/i8042/serio0/input/input2
[    2.562177] device-mapper: ioctl: 4.34.0-ioctl (2015-10-28) initialised: dm-devel@redhat.com
[    2.580904] ledtrig-cpu: registered to indicate activity on CPUs
[    2.594419] NET: Registered protocol family 10
[    2.603061] NET: Registered protocol family 17
[    2.608866] Key type dns_resolver registered
[    2.614667] registered taskstats version 1
[    2.621098] Loading compiled-in X.509 certificates
[    2.627200] Loaded X.509 cert 'Build time autogenerated kernel key: cf00e047681d67edb2720680708b7d9498083038'
[    2.638925] zswap: loaded using pool lzo/zbud
[    2.650286] Key type trusted registered
[    2.665278] Key type encrypted registered
[    2.670996] AppArmor: AppArmor sha1 policy hashing enabled
[    2.678008] ima: No TPM chip found, activating TPM-bypass!
[    2.687310] ima: Allocated hash algorithm: sha1
[    2.694322] evm: HMAC attrs: 0x1
[    2.702485]   Magic number: 11:523:122
[    2.709906] acpi LNXSYBUS:00: hash matches
[    2.717565] rtc_cmos rtc_cmos: setting system clock to 2023-10-05 10:08:29 UTC (1696500509)
[    2.729622] BIOS EDD facility v0.16 2004-Jun-25, 0 devices found
[    2.742292] EDD information not available.
[    2.750995] Freeing unused kernel memory: 1492K
[    2.776248] Write protecting the kernel read-only data: 14336k
[    2.786046] Freeing unused kernel memory: 1584K
[    2.791889] Freeing unused kernel memory: 52K
Loading, please wait...
starting version 229
[    2.835322] random: systemd-udevd: uninitialized urandom read (16 bytes read, 11 bits of entropy available)
[    2.843310] random: udevadm: uninitialized urandom read (16 bytes read, 11 bits of entropy available)
[    2.843332] random: udevadm: uninitialized urandom read (16 bytes read, 11 bits of entropy available)
[    2.874671] random: udevadm: uninitialized urandom read (16 bytes read, 11 bits of entropy available)
[    2.874736] random: udevadm: uninitialized urandom read (16 bytes read, 11 bits of entropy available)
[    2.875180] random: udevadm: uninitialized urandom read (16 bytes read, 11 bits of entropy available)
[    2.875299] random: udevadm: uninitialized urandom read (16 bytes read, 11 bits of entropy available)
[    2.875471] random: udevadm: uninitialized urandom read (16 bytes read, 11 bits of entropy available)
[    2.875589] random: udevadm: uninitialized urandom read (16 bytes read, 11 bits of entropy available)
[    2.875678] random: udevadm: uninitialized urandom read (16 bytes read, 11 bits of entropy available)
[    3.061183] e1000: Intel(R) PRO/1000 Network Driver - version 7.3.21-k8-NAPI
[    3.068455] e1000: Copyright (c) 1999-2006 Intel Corporation.
[    3.090845] Fusion MPT base driver 3.04.20
[    3.098209] Copyright (c) 1999-2008 LSI Corporation
[    3.169251] SSE version of gcm_enc/dec engaged.
[    3.332688] Fusion MPT SPI Host driver 3.04.20
[    3.822491] input: ImExPS/2 Generic Explorer Mouse as /devices/platform/i8042/serio1/input/input4
[    4.213620] e1000 0000:00:03.0 eth0: (PCI:33MHz:32-bit) 02:be:82:6b:cc:1d
[    4.221123] e1000 0000:00:03.0 eth0: Intel(R) PRO/1000 Network Connection
[    5.153746] e1000 0000:00:08.0 eth1: (PCI:33MHz:32-bit) 08:00:27:c5:e2:01
[    5.163682] e1000 0000:00:08.0 eth1: Intel(R) PRO/1000 Network Connection
[    5.175660] e1000 0000:00:08.0 enp0s8: renamed from eth1
[    5.186238] mptbase: ioc0: Initiating bringup
[    5.200603] e1000 0000:00:03.0 enp0s3: renamed from eth0
[    5.962594] ioc0: LSI53C1030 A0: Capabilities={Initiator}
[    6.144869] scsi host2: ioc0: LSI53C1030 A0, FwRev=00000000h, Ports=1, MaxQ=256, IRQ=20
[    6.289766] scsi 2:0:0:0: Direct-Access     VBOX     HARDDISK         1.0  PQ: 0 ANSI: 5
[    6.299136] scsi target2:0:0: Beginning Domain Validation
[    6.314398] scsi target2:0:0: Domain Validation skipping write tests
[    6.321761] scsi target2:0:0: Ending Domain Validation
[    6.328217] scsi target2:0:0: asynchronous
[    6.337659] scsi 2:0:1:0: Direct-Access     VBOX     HARDDISK         1.0  PQ: 0 ANSI: 5
[    6.347476] scsi target2:0:1: Beginning Domain Validation
[    6.363587] scsi target2:0:1: Domain Validation skipping write tests
[    6.367497] scsi target2:0:1: Ending Domain Validation
[    6.379188] scsi target2:0:1: asynchronous
[    6.421728] sd 2:0:0:0: Attached scsi generic sg0 type 0
[    6.422630] sd 2:0:0:0: [sda] 83886080 512-byte logical blocks: (42.9 GB/40.0 GiB)
[    6.424378] sd 2:0:0:0: [sda] Write Protect is off
[    6.424882] sd 2:0:0:0: [sda] Incomplete mode parameter data
[    6.424883] sd 2:0:0:0: [sda] Assuming drive cache: write through
[    6.465379] sd 2:0:1:0: [sdb] 20480 512-byte logical blocks: (10.5 MB/10.0 MiB)
[    6.475478]  sda: sda1
[    6.476716] sd 2:0:1:0: Attached scsi generic sg1 type 0
[    6.488436] sd 2:0:1:0: [sdb] Write Protect is off
[    6.490413] sd 2:0:0:0: [sda] Attached SCSI disk
[    6.507470] sd 2:0:1:0: [sdb] Incomplete mode parameter data
[    6.516620] sd 2:0:1:0: [sdb] Assuming drive cache: write through
[    6.547287] sd 2:0:1:0: [sdb] Attached SCSI disk
Begin: Loading essential drivers ... [    8.333112] md: linear personality registered for level -1
[    8.346174] md: multipath personality registered for level -4
[    8.357671] md: raid0 personality registered for level 0
[    8.385950] md: raid1 personality registered for level 1
[    8.464343] raid6: sse2x1   gen() 11148 MB/s
[    8.536523] raid6: sse2x1   xor()  6407 MB/s
[    8.608136] raid6: sse2x2   gen()  9907 MB/s
[    8.680246] raid6: sse2x2   xor()  8438 MB/s
[    8.757261] raid6: sse2x4   gen() 11138 MB/s
[    8.844768] raid6: sse2x4   xor()  6191 MB/s
[    8.850841] raid6: using algorithm sse2x1 gen() 11148 MB/s
[    8.857041] raid6: .... xor() 6407 MB/s, rmw enabled
[    8.863007] raid6: using ssse3x2 recovery algorithm
[    8.874227] xor: measuring software checksum speed
[   45.983068]    prefetch64-sse: 57244.000 MB/sec
[   46.097984]    generic_sse: 30723.000 MB/sec
[   46.105693] xor: using function: prefetch64-sse (57244.000 MB/sec)
[   46.118756] async_tx: api initialized (async)
[   46.225365] md: raid6 personality registered for level 6
[   46.235150] md: raid5 personality registered for level 5
[   46.243883] md: raid4 personality registered for level 4
[   46.342375] md: raid10 personality registered for level 10
done.
Begin: Running /scripts/init-premount ... done.
Begin: Mounting root file system ... Begin: Running /scripts/local-top ... done.
Begin: Running /scripts/local-premount ... [   46.670259] Btrfs loaded
Scanning for Btrfs filesystems
done.
Warning: fsck not present, so skipping root file system
[   46.782143] EXT4-fs (sda1): mounted filesystem with ordered data mode. Opts: (null)
done.
Begin: Running /scripts/local-bottom ... done.
Begin: Running /scripts/init-bottom ... done.
[   47.030336] systemd[1]: systemd 229 running in system mode. (+PAM +AUDIT +SELINUX +IMA +APPARMOR +SMACK +SYSVINIT +UTMP +LIBCRYPTSETUP +GCRYPT +GNUTLS +ACL +XZ -LZ4 +SECCOMP +BLKID +ELFUTILS +KMOD -IDN)
[   47.063451] systemd[1]: Detected virtualization oracle.
[   47.070594] systemd[1]: Detected architecture x86-64.

Welcome to [1mUbuntu 16.04.7 LTS[0m!

[   47.086638] systemd[1]: Set hostname to <ubuntu>.
[   47.098761] systemd[1]: Initializing machine ID from random generator.
[   47.108246] systemd[1]: Installed transient /etc/machine-id file.
[   47.348087] systemd[1]: Listening on LVM2 poll daemon socket.
[[0;32m  OK  [0m] Listening on LVM2 poll daemon socket.
[   47.357963] systemd[1]: Set up automount Arbitrary Executable File Formats File System Automount Point.
[[0;32m  OK  [0m] Set up automount Arbitrary Executab...ats File System Automount Point.
[   47.371781] systemd[1]: Reached target Swap.
[[0;32m  OK  [0m] Reached target Swap.
[   47.379844] systemd[1]: Listening on Journal Socket (/dev/log).
[[0;32m  OK  [0m] Listening on Journal Socket (/dev/log).
[   47.392437] systemd[1]: Listening on udev Control Socket.
[[0;32m  OK  [0m] Listening on udev Control Socket.
[   47.402340] systemd[1]: Listening on udev Kernel Socket.
[[0;32m  OK  [0m] Listening on udev Kernel Socket.
[   47.411184] systemd[1]: Reached target Encrypted Volumes.
[[0;32m  OK  [0m] Reached target Encrypted Volumes.
[   47.421039] systemd[1]: Reached target System Time Synchronized.
[[0;32m  OK  [0m] Reached target System Time Synchronized.
[   47.431140] systemd[1]: Started Forward Password Requests to Wall Directory Watch.
[[0;32m  OK  [0m] Started Forward Password Requests to Wall Directory Watch.
[   47.443393] systemd[1]: Created slice User and Session Slice.
[[0;32m  OK  [0m] Created slice User and Session Slice.
[   47.452915] systemd[1]: Listening on fsck to fsckd communication Socket.
[[0;32m  OK  [0m] Listening on fsck to fsckd communication Socket.
[   47.464740] systemd[1]: Listening on Journal Socket.
[[0;32m  OK  [0m] Listening on Journal Socket.
[   47.473101] systemd[1]: Reached target User and Group Name Lookups.
[[0;32m  OK  [0m] Reached target User and Group Name Lookups.
[   47.483468] systemd[1]: Listening on Journal Audit Socket.
[[0;32m  OK  [0m] Listening on Journal Audit Socket.
[   47.493264] systemd[1]: Listening on LVM2 metadata daemon socket.
[[0;32m  OK  [0m] Listening on LVM2 metadata daemon socket.
[   47.503415] systemd[1]: Created slice System Slice.
[[0;32m  OK  [0m] Created slice System Slice.
[   47.524285] systemd[1]: Starting Create list of required static device nodes for the current kernel...
[   47.525204] random: nonblocking pool is initialized
         Starting Create list of required st... nodes for the current kernel...
[   47.547498] systemd[1]: Mounting POSIX Message Queue File System...
         Mounting POSIX Message Queue File System...
[   47.559474] systemd[1]: Starting Nameserver information manager...
         Starting Nameserver information manager...
[   47.572832] systemd[1]: Mounting Huge Pages File System...
         Mounting Huge Pages File System...
[   47.582488] systemd[1]: Starting Uncomplicated firewall...
         Starting Uncomplicated firewall...
[   47.592981] systemd[1]: Mounting Debug File System...
         Mounting Debug File System...
[   47.603989] systemd[1]: Starting Load Kernel Modules...
         Starting Load Kernel Modules...
[   47.614756] systemd[1]: Reached target Slices.
[[0;32m  OK  [0m] Reached target Slices.
[   47.623905] systemd[1]: Starting File System Check on Root Device...
[   47.635108] Loading iSCSI transport class v2.0-870.
         Starting File System Check on Root Device...
[   47.654797] systemd[1]: Starting Set console keymap...
         Starting Set console keymap...
[   47.681810] systemd[1]: Listening on /dev/initctl Compatibility Named Pipe.
[   47.692033] iscsi: registered transport (tcp)
[[0;32m  OK  [0m] Listening on /dev/initctl Compatibility Named Pipe.
[   47.706492] systemd[1]: Listening on Syslog Socket.
[[0;32m  OK  [0m] Listening on Syslog Socket.
[   47.736831] systemd[1]: Starting Journal Service...
         Starting Journal Service...
[   47.760689] systemd[1]: Created slice system-serial\x2dgetty.slice.
[[0;32m  OK  [0m] Created slice system-serial\x2dgetty.slice.
[   47.772794] systemd[1]: Started Trigger resolvconf update for networkd DNS.
[[0;32m  OK  [0m] Started Trigger resolvconf update for networkd DNS.
[   47.791166] systemd[1]: Listening on Device-mapper event daemon FIFOs.
[[0;32m  OK  [0m] Listening on Device-mapper event daemon FIFOs.
[   47.821455] systemd[1]: Starting Monitoring of LVM2 mirrors, snapshots etc. using dmeventd or progress polling...
         Starting Monitoring of LVM2 mirrors... dmeventd or progress polling...
[   47.852282] systemd[1]: Mounted Huge Pages File System.
[[0;32m  OK  [0m] Mounted Huge Pages File System.
[   47.867660] systemd[1]: Mounted POSIX Message Queue File System.
[[0;32m  OK  [0m] Mounted POSIX Message Queue File System.
[   47.877677] systemd[1]: Mounted Debug File System.
[[0;32m  OK  [0m] Mounted Debug File System.
[   47.889410] systemd[1]: Started Journal Service.
[[0;32m  OK  [0m] Started Journal Service.
[[0;32m  OK  [0m] Started Create list of required sta...ce nodes for the current kernel.
[[0;32m  OK  [0m] Started Uncomplicated firewall.
[[0;32m  OK  [0m] Started File System Check on Root Device.
[[0;32m  OK  [0m] Started Set console keymap.
[[0;32m  OK  [0m] Started Nameserver information manager.
[[0;32m  OK  [0m] Started LVM2 metadata daemon.
[   47.962771] iscsi: registered transport (iser)
[[0;32m  OK  [0m] Started File System Check Daemon to report status.
         Starting Remount Root and Kernel File Systems...
[   47.987689] EXT4-fs (sda1): re-mounted. Opts: (null)
         Starting Create Static Device Nodes in /dev...
[[0;32m  OK  [0m] Started Load Kernel Modules.
[[0;32m  OK  [0m] Started Remount Root and Kernel File Systems.
         Starting Load/Save Random Seed...
         Starting udev Coldplug all Devices...
         Starting Flush Journal to Persistent Storage...
         Starting Apply Kernel Variables...
         Mounting FUSE Control File System...
[[0;32m  OK  [0m] Mounted FUSE Control File System.
[[0;32m  OK  [0m] Started Create Static Device Nodes in /dev.
[[0;32m  OK  [0m] Started Load/Save Random Seed.
[[0;32m  OK  [0m] Started Apply Kernel Variables.
         Starting udev Kernel Device Manager...
[[0;32m  OK  [0m] Started Flush Journal to Persistent Storage.
[[0;32m  OK  [0m] Started udev Coldplug all Devices.
[[0;32m  OK  [0m] Started udev Kernel Device Manager.
[[0;32m  OK  [0m] Started Dispatch Password Requests to Console Directory Watch.
[[0;32m  OK  [0m] Started Monitoring of LVM2 mirrors,...ng dmeventd or progress polling.
[[0;32m  OK  [0m] Found device /dev/ttyS0.
[[0;32m  OK  [0m] Reached target Local File Systems (Pre).
[[0;32m  OK  [0m] Reached target Local File Systems.
         Starting Set console font and keymap...
         Starting Commit a transient machine-id on disk...
         Starting Create Volatile Files and Directories...
         Starting Tell Plymouth To Write Out Runtime Data...
         Starting LSB: AppArmor initialization...
         Starting Initial cloud-init job (pre-networking)...
[[0;32m  OK  [0m] Started Tell Plymouth To Write Out Runtime Data.
[[0;32m  OK  [0m] Started Create Volatile Files and Directories.
[[0;32m  OK  [0m] Started Commit a transient machine-id on disk.
         Starting Update UTMP about System Boot/Shutdown...
[[0;32m  OK  [0m] Started Update UTMP about System Boot/Shutdown.
[[0;32m  OK  [0m] Listening on Load/Save RF Kill Switch Status /dev/rfkill Watch.
[[0;32m  OK  [0m] Started LSB: AppArmor initialization.
         Starting Load AppArmor profiles managed internally by snapd...
[[0;32m  OK  [0m] Started Load AppArmor profiles managed internally by snapd.
[   50.493583] cloud-init[521]: Cloud-init v. 21.1-19-gbad84ad4-0ubuntu1~16.04.2 running 'init-local' at Thu, 05 Oct 2023 10:09:16 +0000. Up 50.07 seconds.
[[0;32m  OK  [0m] Started Initial cloud-init job (pre-networking).
[[0;32m  OK  [0m] Reached target Network (Pre).
         Starting Raise network interfaces...
[[0;32m  OK  [0m] Started Set console font and keymap.
[[0;32m  OK  [0m] Created slice system-getty.slice.
[[0;32m  OK  [0m] Started Raise network interfaces.
[[0;32m  OK  [0m] Reached target Network.
         Starting Initial cloud-init job (metadata service crawler)...
[   52.393286] cloud-init[961]: Cloud-init v. 21.1-19-gbad84ad4-0ubuntu1~16.04.2 running 'init' at Thu, 05 Oct 2023 10:09:18 +0000. Up 51.55 seconds.
[   52.402306] cloud-init[961]: ci-info: ++++++++++++++++++++++++++++++++++++++Net device info+++++++++++++++++++++++++++++++++++++++
[   52.410127] cloud-init[961]: ci-info: +--------+-------+----------------------------+---------------+--------+-------------------+
[   52.417471] cloud-init[961]: ci-info: | Device |   Up  |          Address           |      Mask     | Scope  |     Hw-Address    |
[   52.425165] cloud-init[961]: ci-info: +--------+-------+----------------------------+---------------+--------+-------------------+
[   52.432689] cloud-init[961]: ci-info: | enp0s3 |  True |         10.0.2.15          | 255.255.255.0 | global | 02:be:82:6b:cc:1d |
[   52.439754] cloud-init[961]: ci-info: | enp0s3 |  True | fe80::be:82ff:fe6b:cc1d/64 |       .       |  link  | 02:be:82:6b:cc:1d |
[   52.447429] cloud-init[961]: ci-info: | enp0s8 | False |             .              |       .       |   .    | 08:00:27:c5:e2:01 |
[   52.455254] cloud-init[961]: ci-info: |   lo   |  True |         127.0.0.1          |   255.0.0.0   |  host  |         .         |
[   52.462674] cloud-init[961]: ci-info: |   lo   |  True |          ::1/128           |       .       |  host  |         .         |
[   52.469988] cloud-init[961]: ci-info: +--------+-------+----------------------------+---------------+--------+-------------------+
[   52.477194] cloud-init[961]: ci-info: +++++++++++++++++++++++++++Route IPv4 info++++++++++++++++++++++++++++
[   52.483714] cloud-init[961]: ci-info: +-------+-------------+----------+---------------+-----------+-------+
[   52.488990] cloud-init[961]: ci-info: | Route | Destination | Gateway  |    Genmask    | Interface | Flags |
[   52.494395] cloud-init[961]: ci-info: +-------+-------------+----------+---------------+-----------+-------+
[   52.500084] cloud-init[961]: ci-info: |   0   |   0.0.0.0   | 10.0.2.2 |    0.0.0.0    |   enp0s3  |   UG  |
[   52.505720] cloud-init[961]: ci-info: |   1   |   10.0.2.0  | 0.0.0.0  | 255.255.255.0 |   enp0s3  |   U   |
[   52.512605] cloud-init[961]: ci-info: +-------+-------------+----------+---------------+-----------+-------+
[   52.520831] cloud-init[961]: ci-info: +++++++++++++++++++Route IPv6 info+++++++++++++++++++
[   52.527980] cloud-init[961]: ci-info: +-------+-------------+---------+-----------+-------+
[   52.535312] cloud-init[961]: ci-info: | Route | Destination | Gateway | Interface | Flags |
[   52.541780] cloud-init[961]: ci-info: +-------+-------------+---------+-----------+-------+
[   52.548904] cloud-init[961]: ci-info: |   0   |  fe80::/64  |    ::   |   enp0s3  |   U   |
[   52.555335] cloud-init[961]: ci-info: |   3   |   ff00::/8  |    ::   |   enp0s3  |   U   |
[   52.562710] cloud-init[961]: ci-info: +-------+-------------+---------+-----------+-------+
[   52.569853] cloud-init[961]: Generating public/private rsa key pair.
[   52.575387] cloud-init[961]: Your identification has been saved in /etc/ssh/ssh_host_rsa_key.
[   52.583299] cloud-init[961]: Your public key has been saved in /etc/ssh/ssh_host_rsa_key.pub.
[   52.591366] cloud-init[961]: The key fingerprint is:
[   52.596992] cloud-init[961]: SHA256:0uJTxWo4nKDRpYwLkY2bNzXh0SNUy93wmmt+NsP/IDE root@ubuntu-xenial
[   52.603925] cloud-init[961]: The key's randomart image is:
[   52.608715] cloud-init[961]: +---[RSA 2048]----+
[   52.613751] cloud-init[961]: |.+ .++o .        |
[   52.619007] cloud-init[961]: |o..=+=oo =       |
[   52.623693] cloud-init[961]: |.oo.*oo.. =      |
[   52.627827] cloud-init[961]: |o.o+ o + =       |
[   52.632411] cloud-init[961]: | .o.  B S E      |
[   52.636507] cloud-init[961]: |     . * . o     |
[   52.640922] cloud-init[961]: |      o o.. .    |
[   52.644700] cloud-init[961]: |       +  *. .   |
[   52.648367] cloud-init[961]: |        .o +...  |
[   52.652445] cloud-init[961]: +----[SHA256]-----+
[   52.655990] cloud-init[961]: Generating public/private dsa key pair.
[   52.660781] cloud-init[961]: Your identification has been saved in /etc/ssh/ssh_host_dsa_key.
[   52.665761] cloud-init[961]: Your public key has been saved in /etc/ssh/ssh_host_dsa_key.pub.
[   52.671604] cloud-init[961]: The key fingerprint is:
[   52.675829] cloud-init[961]: SHA256:kQ4YTGIQRlqXx5xk0ZG0w+F4krL+aNltdJLEj0Yascg root@ubuntu-xenial
[   52.682636] cloud-init[961]: The key's randomart image is:
[[0;32m  OK  [0m] Started Initial cloud-init job (metadata service crawler).
[[0;32m  OK  [0m] Reached target Cloud-config availability.
[[0;32m  OK  [0m] Reached target Network is Online.
[   52.687625] cloud-init[961]: +---[DSA 1024]----+
[   52.697645] cloud-init[961]: |+=+o+=+=+o       |
[   52.701128] cloud-init[961]: |oo oo+*=o+       |
[   52.704711] cloud-init[961]: |.  .oo=+O        |
         Starting iSCSI initiator daemon (iscsid)...
[[0;32m  OK  [0m] Reached target System Initialization.
[   52.708871] cloud-init[961]: |    Eoo=+o       |
[   52.719464] cloud-init[961]: |    .  =S+       |
[   52.720259] cloud-init[961]: |   .  . * o      |
[   52.720838] cloud-init[961]: |    .o + o       |
[   52.721375] cloud-init[961]: |    oo. o        |
[   52.721683] cloud-init[961]: |   .. ..         |
[   52.722055] cloud-init[961]: +----[SHA256]-----+
[   52.722430] cloud-init[961]: Generating public/private ecdsa key pair.
[   52.723592] cloud-init[961]: Your identification has been saved in /etc/ssh/ssh_host_ecdsa_key.
[[0;32m  OK  [0m] Started Daily Cleanup of Temporary Directories.
[   52.726004] cloud-init[961]: Your public key has been saved in /etc/ssh/ssh_host_ecdsa_key.pub.
[[0;32m  OK  [0m] Started Daily apt download activities.
[   52.747153] [[0;32m  OK  [0m] Started Ubuntu Advantage update messaging.
cloud-init[[0;32m  OK  [0m] Started ACPI Events Check.
[[0;32m  OK  [0m] Reached target Paths.
[[0;32m  OK  [0m] Started Daily apt upgrade and clean activities.
[[0;32m  OK  [0m] Listening on D-Bus System Message Bus Socket.
[961]: The key fingerprint is:         Starting LXD - unix socket.
[[0;32m  OK  [0m] Listening on UUID daemon activation socket.
[[0;32m  OK  [0m] Started Message of the Day.
[[0;32m  OK  [0m] Reached target Timers.
         Starting Socket activation for snappy daemon.
[[0;32m  OK  [0m] Listening on ACPID Listen Socket.
[[0;32m  OK  [0m] Listening on LXD - unix socket.
[[0;32m  OK  [0m] Listening on Socket activation for snappy daemon.
[[0;32m  OK  [0m] Reached target Sockets.
[[0;32m  OK  [0m] Reached target Basic System.
[[0;32m  OK  [0m] Started FUSE filesystem for LXC.
         Starting LSB: Record successful boot for GRUB...

[[0;32m  OK  [0m] Started Regular background program processing daemon.
[[0;32m  OK  [0m] Started Deferred execution scheduler.
         Starting Pollinate to seed the pseudo random number generator...
         Starting /etc/rc.local Compatibility...
[[0;32m  OK  [0m] Started D-Bus System Message Bus.
[   52.828845] cloud-init[961]: SHA256:uOWV69rqWZM0/BFbvjH9bAZwPfC9eNrp6sovvnWe0lw root@ubuntu-xenial
[   52.846193] cloud-init[961]: The key's randomart image is:
[   52.859857] cloud-init[961]: +---[ECDSA 256]---+
[   52.872496] cloud-init[961]: |             .   |
[   52.881348] cloud-init[961]: |              o..|         Starting System Logging Service...
         Starting Virtualbox guest utils...

         Starting LSB: MD monitoring daemon...
[   52.918865] cloud-init[961]: |            o ooo|
         Starting Snap Daemon...
[[0;32m  OK  [0m] Started ACPI event daemon.
         Starting Login Service...
         [   52.945419] cloud-init[961]: |       . . . B..o|
[   52.962627] cloud-init[961]: |      . S * o.=o.|
[   52.962673] cloud-init[961]: |       + o = .+*E|
[   52.962701] cloud-init[961]: |      . . = .o++*|
[   52.962727] cloud-init[961]: |         =.o..+=.|
[   52.962792] cloud-init[961]: |       .=o+=*+o+ |
Starting LXD - container startup/shutdown...
         Starting Accounts Service...
[   52.962823] cloud-init[961]: +----[SHA256]-----+
[[0;32m  OK  [0m] Started iSCSI initiator daemon (iscsid).
[[0;32m  OK  [0m] Started /etc/rc.local Compatibility.
[[0;32m  OK  [0m] Started System Logging Service.
[   53.041069] cloud-init[961]: Generating public/private ed25519 key pair.
         Starting Login to default iSCSI targets...
[[0;32m  OK  [0m] Started Login Service.
[[0;32m  OK  [0m] Started Unattended Upgrades Shutdown.
[   53.096356] cloud-init[961]: Your identification has been saved in /etc/ssh/ssh_host_ed25519_key.
[[0;32m  OK  [0m] Started LSB: Record successful boot for GRUB.
[   53.150314] cloud-init[961]: Your public key has been saved in /etc/ssh/ssh_host_ed25519_key.pub.
[   53.208114] cloud-init[961]: The key fingerprint is:
[   53.227308] cloud-init[961]: SHA256:j2G4uNkD9UsrgEqr3dlsdY9X+1bj7YCFvnTdXRHdhWs root@ubuntu-xenial
[[0;32m  OK  [0m] Started LSB: MD monitoring daemon.
[   53.255067] cloud-init[961]: The key's randomart image is:
[   53.281765] cloud-init[961]: +--[ED25519 256]--+
[[0;32m  OK  [0m] [   53.288265] cloud-init[961]: |               o=|
[   53.293541] cloud-init[961]: |              . +|
Started Login to default iSCSI targets.
[[0;32m  OK  [0m] Reached target Remote File Systems (Pre).[   53.301826] cloud-init[961]: |               o |
[   53.312583] cloud-init[961]: |      ..     .E .|
[   53.313033] cloud-init[961]: |   . ...S   ... .|
[   53.313570] cloud-init[961]: | .. o. o++.. o.o=|
[   53.313838] cloud-init[961]: |... .o.o.+.o+.+.B|
[   53.314327] cloud-init[961]: |.o . B+ o ..oo.oo|
[   53.314699] cloud-init[961]: |o . =.+o   ..  +o|
[   53.315174] cloud-init[961]: +----[SHA256]-----+

[[0;32m  OK  [0m] Reached target Remote File Systems.
         Starting LSB: daemon to balance interrupts for SMP systems...
         Starting Permit User Sessions...
         Starting LSB: automatic crash report generation...
         Starting LSB: Set the CPU Frequency Scaling governor to "ondemand"...
[[0;32m  OK  [0m] Started Permit User Sessions.
         Starting Authenticate and Authorize Users to Run Privileged Tasks...
         Starting Hold until boot process finishes up...
         Starting Terminate Plymouth Boot Screen...
[[0;32m  OK  [0m] Started LXD - container startup/shutdown.
[[0;32m  OK  [0m] Started Hold until boot process finishes up.
[[0;32m  OK  [0m] Started Terminate Plymouth Boot Screen.
[[0;32m  OK  [0m] Started Authenticate and Authorize Users to Run Privileged Tasks.
[[0;32m  OK  [0m] Started Accounts Service.
[[0;32m  OK  [0m] Started Serial Getty on ttyS0.
[[0;32m  OK  [0m] Started Getty on tty1.
[[0;32m  OK  [0m] Reached target Login Prompts.
         Starting Set console scheme...
[[0;32m  OK  [0m] Started Pollinate to seed the pseudo random number generator.
[[0;32m  OK  [0m] Started Virtualbox guest utils.
[[0;32m  OK  [0m] Started LSB: daemon to balance interrupts for SMP systems.
[[0;32m  OK  [0m] Started LSB: automatic crash report generation.
[[0;32m  OK  [0m] Started LSB: Set the CPU Frequency Scaling governor to "ondemand".
[[0;32m  OK  [0m] Started Set console scheme.
         Starting OpenBSD Secure Shell server...
[[0;32m  OK  [0m] Started OpenBSD Secure Shell server.
[[0;32m  OK  [0m] Started Snap Daemon.
         Starting Wait until snapd is fully seeded...
[[0;32m  OK  [0m] Started Wait until snapd is fully seeded.
         Starting Apply the settings specified in cloud-config...
[[0;32m  OK  [0m] Reached target Multi-User System.
[[0;32m  OK  [0m] Reached target Graphical Interface.
         Starting Update UTMP about System Runlevel Changes...
[[0;32m  OK  [0m] Started Update UTMP about System Runlevel Changes.
[   55.822186] cloud-init[1310]: Generating locales (this might take a while)...
[[0;32m  OK  [0m] Created slice User Slice of vagrant.
         Starting User Manager for UID 1000...
[[0;32m  OK  [0m] Started Session 1 of user vagrant.
[[0;32m  OK  [0m] Started User Manager for UID 1000.
[   57.448836] cloud-init[1310]:   en_US.UTF-8... done
[   57.453104] cloud-init[1310]: Generation complete.
[   58.127690] cloud-init[1310]: Cloud-init v. 21.1-19-gbad84ad4-0ubuntu1~16.04.2 running 'modules:config' at Thu, 05 Oct 2023 10:09:22 +0000. Up 55.57 seconds.
[[0;32m  OK  [0m] Started Apply the settings specified in cloud-config.
         Starting Execute cloud user/final scripts...
ci-info: no authorized SSH keys fingerprints found for user ubuntu.
<14>Oct  5 10:09:25 ec2: 
<14>Oct  5 10:09:25 ec2: #############################################################
<14>Oct  5 10:09:25 ec2: -----BEGIN SSH HOST KEY FINGERPRINTS-----
<14>Oct  5 10:09:25 ec2: 1024 SHA256:kQ4YTGIQRlqXx5xk0ZG0w+F4krL+aNltdJLEj0Yascg root@ubuntu-xenial (DSA)
<14>Oct  5 10:09:25 ec2: 256 SHA256:uOWV69rqWZM0/BFbvjH9bAZwPfC9eNrp6sovvnWe0lw root@ubuntu-xenial (ECDSA)
<14>Oct  5 10:09:25 ec2: 256 SHA256:j2G4uNkD9UsrgEqr3dlsdY9X+1bj7YCFvnTdXRHdhWs root@ubuntu-xenial (ED25519)
<14>Oct  5 10:09:25 ec2: 2048 SHA256:0uJTxWo4nKDRpYwLkY2bNzXh0SNUy93wmmt+NsP/IDE root@ubuntu-xenial (RSA)
<14>Oct  5 10:09:25 ec2: -----END SSH HOST KEY FINGERPRINTS-----
<14>Oct  5 10:09:25 ec2: #############################################################
-----BEGIN SSH HOST KEY KEYS-----
ecdsa-sha2-nistp256 AAAAE2VjZHNhLXNoYTItbmlzdHAyNTYAAAAIbmlzdHAyNTYAAABBBCwA7DiuZxg6RiKpoh8TccA6XmxhUry6O9ugrLBIrmMmBLnkE7VkkljTaZr/p3TFTNjy0pYB3fkB0yEfKbWAzLY= root@ubuntu-xenial
ssh-ed25519 AAAAC3NzaC1lZDI1NTE5AAAAILkKCkV56HkRrfgESnZtTtNi5JQf+q7umvNHNxs2aZz/ root@ubuntu-xenial
ssh-rsa AAAAB3NzaC1yc2EAAAADAQABAAABAQCYq8aKv3WOtu5JJSy349vw/rW4m/Wh3cFuLjyL2p/MjXiPFjAnVQAQ120Bq7jMkP1WQqzpF1a8EFrJ9qTa7LZedUT35xYPkVCcB9pW8Kfb8ZfenvyewCO8kpjmLO+Whq/97/SLSkibzl0N8rwtkn4Wy33rNDQT6VKKJOnVt8C8FM2uhIxG2QmONaAHGA3LQusDLwC58xMjHDRperwRmqfzKRU98o28qXh1lHkdcIr+PFTnn2zBR7B1f/sT6zcB2hzx4gT473N3VS/VRFAqd3EnrSfPd5D5HhqXmklU85R7eqiRzb/C2gHPQ2iLr1AU6o95wGwXTlpWt1m5gT8pEN87 root@ubuntu-xenial
-----END SSH HOST KEY KEYS-----
[   58.908926] cloud-init[1460]: Cloud-init v. 21.1-19-gbad84ad4-0ubuntu1~16.04.2 running 'modules:final' at Thu, 05 Oct 2023 10:09:25 +0000. Up 58.53 seconds.
[   58.909157] cloud-init[1460]: ci-info: no authorized SSH keys fingerprints found for user ubuntu.
[   58.909632] cloud-init[1460]: Cloud-init v. 21.1-19-gbad84ad4-0ubuntu1~16.04.2 finished at Thu, 05 Oct 2023 10:09:25 +0000. Datasource DataSourceNoCloud [seed=/dev/sdb][dsmode=net].  Up 58.90 seconds

Ubuntu 16.04.7 LTS ubuntu-xenial ttyS0

ubuntu-xenial login:          Stopping Session 6 of user vagrant.
[[0;32m  OK  [0m] Closed Load/Save RF Kill Switc         Stopping LSB: automatic crash report generation...
         Stopping Regular background program processing daemon...
         Stopping LXD - container startup/shutdown...
         Stopping LSB: daemon to balance interrupts for SMP systems...
         Stopping OpenBSD Secure Shell server...
[[0;32m  OK  [0m] Stopped Wait until snapd is fully seeded.
         Stopping FUSE filesystem for LXC...
         Stopping LSB: Record successful boot for GRUB...
         Stopping Deferred execution scheduler...
         Stopping Docker Application Container Engine...
         Stopping LSB: MD monitoring daemon...
         Stopping Virtualbox guest utils...
         Stopping D-Bus System Message Bus...
[[0;32m  OK  [0m] Stopped Daily apt upgrade and clean activities.
[[0;32m  OK  [0m] Stopped Daily apt download activities.
[[0;32m  OK  [0m] Stopped target System Time Synchronized.
         Stopping LSB: Set the CPU Frequency Scaling governor to "ondemand"...
         Stopping Getty on tty1...
         Stopping Authenticate and Authorize Users to Run Privileged Tasks...
[[0;32m  OK  [0m] Unmounted /var/lib/lxcfs.
[[0;32m  OK  [0m] Stopped Regular background program processing daemon.
[[0;32m  OK  [0m] Stopped Deferred execution scheduler.
[[0;32m  OK  [0m] Stopped System Logging Service.
[[0;32m  OK  [0m] Stopped ACPI event daemon.
[[0;32m  OK  [0m] Stopped Accounts Service.
[[0;32m  OK  [0m] Stopped Authenticate and Authorize Users to Run Privileged Tasks.
[[0;32m  OK  [0m] Stopped Serial Getty on ttyS0.
[[0;32m  OK  [0m] Stopped Getty on tty1.
[[0;32m  OK  [0m] Stopped OpenBSD Secure Shell server.
[[0;32m  OK  [0m] Stopped User Manager for UID 1000.
[[0;32m  OK  [0m] Stopped Session 2 of user vagrant.
[[0;32m  OK  [0m] Stopped Docker Application Container Engine.
[[0;32m  OK  [0m] Stopped Session 3 of user vagrant.
[[0;32m  OK  [0m] Stopped Session 6 of user vagrant.
[[0;32m  OK  [0m] Stopped D-Bus System Message Bus.
[[0;32m  OK  [0m] Stopped FUSE filesystem for LXC.
[[0;32m  OK  [0m] Stopped LXD - container startup/shutdown.
[[0;32m  OK  [0m] Stopped LSB: daemon to balance interrupts for SMP systems.
[[0;32m  OK  [0m] Stopped LSB: Record successful boot for GRUB.
[[0;32m  OK  [0m] Stopped LSB: MD monitoring daemon.
[[0;32m  OK  [0m] Stopped LSB: automatic crash report generation.
[[0;32m  OK  [0m] Stopped Virtualbox guest utils.
[[0;32m  OK  [0m] Stopped LSB: Set the CPU Frequency Scaling governor to "ondemand".
[[0;32m  OK  [0m] Stopped User Manager for UID 1000.
         Stopping containerd container runtime...
[[0;32m  OK  [0m] Removed slice User Slice of vagrant.
         Stopping Login Service...
[[0;32m  OK  [0m] Removed slice system-getty.slice.
[[0;32m  OK  [0m] Stopped /etc/rc.local Compatibility.
         Stopping Permit User Sessions...
[[0;32m  OK  [0m] Removed slice system-serial\x2dgetty.slice.
[[0;32m  OK  [0m] Stopped containerd container runtime.
[[0;32m  OK  [0m] Stopped Permit User Sessions.
[[0;32m  OK  [0m] Stopped target Remote File Systems.
         Unmounting /vagrant...
[[0;32m  OK  [0m] Stopped Login Service.
[[0;32m  OK  [0m] Stopped target User and Group Name Lookups.
[[0;32m  OK  [0m] Stopped target Basic System.
[[0;32m  OK  [0m] Stopped target Paths.
[[0;32m  OK  [0m] Stopped Dispatch Password Requests to Console Directory Watch.
[[0;32m  OK  [0m] Stopped Forward Password Requests to Wall Directory Watch.
[[0;32m  OK  [0m] Stopped ACPI Events Check.
[[0;32m  OK  [0m] Stopped target Sockets.
[[0;32m  OK  [0m] Closed ACPID Listen Socket.
[[0;32m  OK  [0m] Closed Socket activation for snappy daemon.
[[0;32m  OK  [0m] Closed Syslog Socket.
[[0;32m  OK  [0m] Closed Docker Socket for the API.
[[0;32m  OK  [0m] Closed LXD - unix socket.
[[0;32m  OK  [0m] Closed UUID daemon activation socket.
[[0;32m  OK  [0m] Stopped target Slices.
[[0;32m  OK  [0m] Removed slice User and Session Slice.
[[0;32m  OK  [0m] Closed D-Bus System Message Bus Socket.
[[0;32m  OK  [0m] Stopped target System Initialization.
[[0;32m  OK  [0m] Stopped target Encrypted Volumes.
         Stopping Update UTMP about System Boot/Shutdown...
[[0;32m  OK  [0m] Stopped target Swap.
[[0;32m  OK  [0m] Stopped Commit a transient machine-id on disk.
         Stopping Load/Save Random Seed...
[[0;32m  OK  [0m] Unmounted /vagrant.
[[0;32m  OK  [0m] Stopped Load/Save Random Seed.
[[0;32m  OK  [0m] Stopped Update UTMP about System Boot/Shutdown.
[[0;32m  OK  [0m] Stopped Create Volatile Files and Directories.
[[0;32m  OK  [0m] Stopped target Remote File Systems (Pre).
         Stopping Login to default iSCSI targets...
[[0;32m  OK  [0m] Stopped Login to default iSCSI targets.
         Stopping iSCSI initiator daemon (iscsid)...
[[0;32m  OK  [0m] Stopped iSCSI initiator daemon (iscsid).
[[0;32m  OK  [0m] Stopped target Network is Online.
[[0;32m  OK  [0m] Stopped Initial cloud-init job (metadata service crawler).
[[0;32m  OK  [0m] Stopped target Network.
         Stopping Raise network interfaces...
[[0;32m  OK  [0m] Stopped Raise network interfaces.
[[0;32m  OK  [0m] Stopped Apply Kernel Variables.
[[0;32m  OK  [0m] Stopped target Network (Pre).
[[0;32m  OK  [0m] Stopped Initial cloud-init job (pre-networking).
[[0;32m  OK  [0m] Stopped Load Kernel Modules.
[[0;32m  OK  [0m] Stopped target Local File Systems.
         Unmounting /run/user/1000...
[[0;32m  OK  [0m] Unmounted /run/user/1000.
[[0;32m  OK  [0m] Reached target Unmount All Filesystems.
[[0;32m  OK  [0m] Stopped target Local File Systems (Pre).
[[0;32m  OK  [0m] Stopped Remount Root and Kernel File Systems.
         Stopping Monitoring of LVM2 mirrors... dmeventd or progress polling...
[[0;32m  OK  [0m] Stopped Create Static Device Nodes in /dev.
[[0;32m  OK  [0m] Reached target Shutdown.
[ 7844.097163] reboot: Power down
